# JRE version: Java(TM) SE Runtime Environment (8.0_241-b07) (build 1.8.0_241-b07)
# Java VM: Java HotSpot(TM) 64-Bit Server VM (25.241-b07 mixed mode windows-amd64 compressed oops)
Heap:
 PSYoungGen      total 53248K, used 10386K [0x000000076bb00000, 0x000000076f000000, 0x00000007c0000000)
  eden space 52224K, 18% used [0x000000076bb00000,0x000000076c464ae8,0x000000076ee00000)
  from space 1024K, 75% used [0x000000076ef00000,0x000000076efc0000,0x000000076f000000)
  to   space 1024K, 0% used [0x000000076ee00000,0x000000076ee00000,0x000000076ef00000)
 ParOldGen       total 250368K, used 30551K [0x00000006c3000000, 0x00000006d2480000, 0x000000076bb00000)
  object space 250368K, 12% used [0x00000006c3000000,0x00000006c4dd5df0,0x00000006d2480000)
 Metaspace       used 62737K, capacity 67270K, committed 67544K, reserved 1107968K
  class space    used 8551K, capacity 9375K, committed 9472K, reserved 1048576K
GC Heap History (10 events):
Event: 127416.978 GC heap before
{Heap before GC invocations=205 (full 11):
 PSYoungGen      total 53248K, used 53088K [0x000000076bb00000, 0x000000076f000000, 0x00000007c0000000)
  eden space 52224K, 100% used [0x000000076bb00000,0x000000076ee00000,0x000000076ee00000)
  from space 1024K, 84% used [0x000000076ee00000,0x000000076eed8000,0x000000076ef00000)
  to   space 1024K, 0% used [0x000000076ef00000,0x000000076ef00000,0x000000076f000000)
 ParOldGen       total 250368K, used 30455K [0x00000006c3000000, 0x00000006d2480000, 0x000000076bb00000)
  object space 250368K, 12% used [0x00000006c3000000,0x00000006c4dbddf0,0x00000006d2480000)
 Metaspace       used 62737K, capacity 67270K, committed 67544K, reserved 1107968K
  class space    used 8551K, capacity 9375K, committed 9472K, reserved 1048576K
Event: 127416.981 GC heap after
Heap after GC invocations=205 (full 11):
 PSYoungGen      total 53248K, used 864K [0x000000076bb00000, 0x000000076f000000, 0x00000007c0000000)
  eden space 52224K, 0% used [0x000000076bb00000,0x000000076bb00000,0x000000076ee00000)
  from space 1024K, 84% used [0x000000076ef00000,0x000000076efd8000,0x000000076f000000)
  to   space 1024K, 0% used [0x000000076ee00000,0x000000076ee00000,0x000000076ef00000)
 ParOldGen       total 250368K, used 30495K [0x00000006c3000000, 0x00000006d2480000, 0x000000076bb00000)
  object space 250368K, 12% used [0x00000006c3000000,0x00000006c4dc7df0,0x00000006d2480000)
 Metaspace       used 62737K, capacity 67270K, committed 67544K, reserved 1107968K
  class space    used 8551K, capacity 9375K, committed 9472K, reserved 1048576K
}
Event: 127773.117 GC heap before
{Heap before GC invocations=206 (full 11):
 PSYoungGen      total 53248K, used 53088K [0x000000076bb00000, 0x000000076f000000, 0x00000007c0000000)
  eden space 52224K, 100% used [0x000000076bb00000,0x000000076ee00000,0x000000076ee00000)
  from space 1024K, 84% used [0x000000076ef00000,0x000000076efd8000,0x000000076f000000)
  to   space 1024K, 0% used [0x000000076ee00000,0x000000076ee00000,0x000000076ef00000)
 ParOldGen       total 250368K, used 30495K [0x00000006c3000000, 0x00000006d2480000, 0x000000076bb00000)
  object space 250368K, 12% used [0x00000006c3000000,0x00000006c4dc7df0,0x00000006d2480000)
 Metaspace       used 62737K, capacity 67270K, committed 67544K, reserved 1107968K
  class space    used 8551K, capacity 9375K, committed 9472K, reserved 1048576K
Event: 127773.120 GC heap after
Heap after GC invocations=206 (full 11):
 PSYoungGen      total 53248K, used 832K [0x000000076bb00000, 0x000000076f000000, 0x00000007c0000000)
  eden space 52224K, 0% used [0x000000076bb00000,0x000000076bb00000,0x000000076ee00000)
  from space 1024K, 81% used [0x000000076ee00000,0x000000076eed0000,0x000000076ef00000)
  to   space 1024K, 0% used [0x000000076ef00000,0x000000076ef00000,0x000000076f000000)
 ParOldGen       total 250368K, used 30527K [0x00000006c3000000, 0x00000006d2480000, 0x000000076bb00000)
  object space 250368K, 12% used [0x00000006c3000000,0x00000006c4dcfdf0,0x00000006d2480000)
 Metaspace       used 62737K, capacity 67270K, committed 67544K, reserved 1107968K
  class space    used 8551K, capacity 9375K, committed 9472K, reserved 1048576K
}
Event: 128128.180 GC heap before
{Heap before GC invocations=207 (full 11):
 PSYoungGen      total 53248K, used 53056K [0x000000076bb00000, 0x000000076f000000, 0x00000007c0000000)
  eden space 52224K, 100% used [0x000000076bb00000,0x000000076ee00000,0x000000076ee00000)
  from space 1024K, 81% used [0x000000076ee00000,0x000000076eed0000,0x000000076ef00000)
  to   space 1024K, 0% used [0x000000076ef00000,0x000000076ef00000,0x000000076f000000)
 ParOldGen       total 250368K, used 30527K [0x00000006c3000000, 0x00000006d2480000, 0x000000076bb00000)
  object space 250368K, 12% used [0x00000006c3000000,0x00000006c4dcfdf0,0x00000006d2480000)
 Metaspace       used 62737K, capacity 67270K, committed 67544K, reserved 1107968K
  class space    used 8551K, capacity 9375K, committed 9472K, reserved 1048576K
Event: 128128.183 GC heap after
Heap after GC invocations=207 (full 11):
 PSYoungGen      total 53248K, used 768K [0x000000076bb00000, 0x000000076f000000, 0x00000007c0000000)
  eden space 52224K, 0% used [0x000000076bb00000,0x000000076bb00000,0x000000076ee00000)
  from space 1024K, 75% used [0x000000076ef00000,0x000000076efc0000,0x000000076f000000)
  to   space 1024K, 0% used [0x000000076ee00000,0x000000076ee00000,0x000000076ef00000)
 ParOldGen       total 250368K, used 30527K [0x00000006c3000000, 0x00000006d2480000, 0x000000076bb00000)
  object space 250368K, 12% used [0x00000006c3000000,0x00000006c4dcfdf0,0x00000006d2480000)
 Metaspace       used 62737K, capacity 67270K, committed 67544K, reserved 1107968K
  class space    used 8551K, capacity 9375K, committed 9472K, reserved 1048576K
}
Event: 128484.700 GC heap before
{Heap before GC invocations=208 (full 11):
 PSYoungGen      total 53248K, used 52992K [0x000000076bb00000, 0x000000076f000000, 0x00000007c0000000)
  eden space 52224K, 100% used [0x000000076bb00000,0x000000076ee00000,0x000000076ee00000)
  from space 1024K, 75% used [0x000000076ef00000,0x000000076efc0000,0x000000076f000000)
  to   space 1024K, 0% used [0x000000076ee00000,0x000000076ee00000,0x000000076ef00000)
 ParOldGen       total 250368K, used 30527K [0x00000006c3000000, 0x00000006d2480000, 0x000000076bb00000)
  object space 250368K, 12% used [0x00000006c3000000,0x00000006c4dcfdf0,0x00000006d2480000)
 Metaspace       used 62737K, capacity 67270K, committed 67544K, reserved 1107968K
  class space    used 8551K, capacity 9375K, committed 9472K, reserved 1048576K
Event: 128484.707 GC heap after
Heap after GC invocations=208 (full 11):
 PSYoungGen      total 53248K, used 832K [0x000000076bb00000, 0x000000076f000000, 0x00000007c0000000)
  eden space 52224K, 0% used [0x000000076bb00000,0x000000076bb00000,0x000000076ee00000)
  from space 1024K, 81% used [0x000000076ee00000,0x000000076eed0000,0x000000076ef00000)
  to   space 1024K, 0% used [0x000000076ef00000,0x000000076ef00000,0x000000076f000000)
 ParOldGen       total 250368K, used 30535K [0x00000006c3000000, 0x00000006d2480000, 0x000000076bb00000)
  object space 250368K, 12% used [0x00000006c3000000,0x00000006c4dd1df0,0x00000006d2480000)
 Metaspace       used 62737K, capacity 67270K, committed 67544K, reserved 1107968K
  class space    used 8551K, capacity 9375K, committed 9472K, reserved 1048576K
}
Event: 128840.566 GC heap before
{Heap before GC invocations=209 (full 11):
 PSYoungGen      total 53248K, used 53056K [0x000000076bb00000, 0x000000076f000000, 0x00000007c0000000)
  eden space 52224K, 100% used [0x000000076bb00000,0x000000076ee00000,0x000000076ee00000)
  from space 1024K, 81% used [0x000000076ee00000,0x000000076eed0000,0x000000076ef00000)
  to   space 1024K, 0% used [0x000000076ef00000,0x000000076ef00000,0x000000076f000000)
 ParOldGen       total 250368K, used 30535K [0x00000006c3000000, 0x00000006d2480000, 0x000000076bb00000)
  object space 250368K, 12% used [0x00000006c3000000,0x00000006c4dd1df0,0x00000006d2480000)
 Metaspace       used 62737K, capacity 67270K, committed 67544K, reserved 1107968K
  class space    used 8551K, capacity 9375K, committed 9472K, reserved 1048576K
Event: 128840.569 GC heap after
Heap after GC invocations=209 (full 11):
 PSYoungGen      total 53248K, used 768K [0x000000076bb00000, 0x000000076f000000, 0x00000007c0000000)
  eden space 52224K, 0% used [0x000000076bb00000,0x000000076bb00000,0x000000076ee00000)
  from space 1024K, 75% used [0x000000076ef00000,0x000000076efc0000,0x000000076f000000)
  to   space 1024K, 0% used [0x000000076ee00000,0x000000076ee00000,0x000000076ef00000)
 ParOldGen       total 250368K, used 30551K [0x00000006c3000000, 0x00000006d2480000, 0x000000076bb00000)
  object space 250368K, 12% used [0x00000006c3000000,0x00000006c4dd5df0,0x00000006d2480000)
 Metaspace       used 62737K, capacity 67270K, committed 67544K, reserved 1107968K
  class space    used 8551K, capacity 9375K, committed 9472K, reserved 1048576K
}

